<?xml version="1.0" encoding="UTF-8"?>
<testsuite xmlns:xsi="http://www.w3.org/2001/XMLSchema-instance" xsi:noNamespaceSchemaLocation="https://maven.apache.org/surefire/maven-surefire-plugin/xsd/surefire-test-report.xsd" name="com.mycompany.coche2.TelegramaTest" time="0.031" tests="7" errors="7" skipped="0" failures="0">
  <properties>
    <property name="java.specification.version" value="17"/>
    <property name="sun.cpu.isalist" value="amd64"/>
    <property name="sun.jnu.encoding" value="Cp1252"/>
    <property name="java.class.path" value="D:\Superior Multiplataformas\Entornos de desarrollo\Tema 14\Coche2\target\test-classes;D:\Superior Multiplataformas\Entornos de desarrollo\Tema 14\Coche2\target\classes;C:\Users\usuario\.m2\repository\org\junit\jupiter\junit-jupiter-api\5.6.0\junit-jupiter-api-5.6.0.jar;C:\Users\usuario\.m2\repository\org\apiguardian\apiguardian-api\1.1.0\apiguardian-api-1.1.0.jar;C:\Users\usuario\.m2\repository\org\opentest4j\opentest4j\1.2.0\opentest4j-1.2.0.jar;C:\Users\usuario\.m2\repository\org\junit\platform\junit-platform-commons\1.6.0\junit-platform-commons-1.6.0.jar;C:\Users\usuario\.m2\repository\org\junit\jupiter\junit-jupiter-params\5.6.0\junit-jupiter-params-5.6.0.jar;C:\Users\usuario\.m2\repository\org\junit\jupiter\junit-jupiter-engine\5.6.0\junit-jupiter-engine-5.6.0.jar;C:\Users\usuario\.m2\repository\org\junit\platform\junit-platform-engine\1.6.0\junit-platform-engine-1.6.0.jar;"/>
    <property name="java.vm.vendor" value="Oracle Corporation"/>
    <property name="sun.arch.data.model" value="64"/>
    <property name="user.variant" value=""/>
    <property name="java.vendor.url" value="https://java.oracle.com/"/>
    <property name="user.timezone" value="Europe/Berlin"/>
    <property name="os.name" value="Windows 10"/>
    <property name="java.vm.specification.version" value="17"/>
    <property name="user.country" value="ES"/>
    <property name="sun.java.launcher" value="SUN_STANDARD"/>
    <property name="sun.boot.library.path" value="C:\Program Files\Java\jdk-17.0.4.1\bin"/>
    <property name="sun.java.command" value="C:\Users\usuario\AppData\Local\Temp\surefire13996761229644960477\surefirebooter6227165595516332605.jar C:\Users\usuario\AppData\Local\Temp\surefire13996761229644960477 2023-03-29T09-23-36_075-jvmRun1 surefire16789228068634339969tmp surefire_015108658436683071593tmp"/>
    <property name="jdk.debug" value="release"/>
    <property name="surefire.test.class.path" value="D:\Superior Multiplataformas\Entornos de desarrollo\Tema 14\Coche2\target\test-classes;D:\Superior Multiplataformas\Entornos de desarrollo\Tema 14\Coche2\target\classes;C:\Users\usuario\.m2\repository\org\junit\jupiter\junit-jupiter-api\5.6.0\junit-jupiter-api-5.6.0.jar;C:\Users\usuario\.m2\repository\org\apiguardian\apiguardian-api\1.1.0\apiguardian-api-1.1.0.jar;C:\Users\usuario\.m2\repository\org\opentest4j\opentest4j\1.2.0\opentest4j-1.2.0.jar;C:\Users\usuario\.m2\repository\org\junit\platform\junit-platform-commons\1.6.0\junit-platform-commons-1.6.0.jar;C:\Users\usuario\.m2\repository\org\junit\jupiter\junit-jupiter-params\5.6.0\junit-jupiter-params-5.6.0.jar;C:\Users\usuario\.m2\repository\org\junit\jupiter\junit-jupiter-engine\5.6.0\junit-jupiter-engine-5.6.0.jar;C:\Users\usuario\.m2\repository\org\junit\platform\junit-platform-engine\1.6.0\junit-platform-engine-1.6.0.jar;"/>
    <property name="sun.cpu.endian" value="little"/>
    <property name="user.home" value="C:\Users\usuario"/>
    <property name="user.language" value="es"/>
    <property name="java.specification.vendor" value="Oracle Corporation"/>
    <property name="java.version.date" value="2022-08-18"/>
    <property name="java.home" value="C:\Program Files\Java\jdk-17.0.4.1"/>
    <property name="file.separator" value="\"/>
    <property name="basedir" value="D:\Superior Multiplataformas\Entornos de desarrollo\Tema 14\Coche2"/>
    <property name="java.vm.compressedOopsMode" value="32-bit"/>
    <property name="line.separator" value="&#10;"/>
    <property name="java.vm.specification.vendor" value="Oracle Corporation"/>
    <property name="java.specification.name" value="Java Platform API Specification"/>
    <property name="surefire.real.class.path" value="C:\Users\usuario\AppData\Local\Temp\surefire13996761229644960477\surefirebooter6227165595516332605.jar"/>
    <property name="user.script" value=""/>
    <property name="sun.management.compiler" value="HotSpot 64-Bit Tiered Compilers"/>
    <property name="java.runtime.version" value="17.0.4.1+1-LTS-2"/>
    <property name="user.name" value="usuario"/>
    <property name="path.separator" value=";"/>
    <property name="os.version" value="10.0"/>
    <property name="java.runtime.name" value="Java(TM) SE Runtime Environment"/>
    <property name="file.encoding" value="UTF-8"/>
    <property name="java.vm.name" value="Java HotSpot(TM) 64-Bit Server VM"/>
    <property name="maven.ext.class.path" value="C:\Program Files\NetBeans-15\netbeans\java\maven-nblib\netbeans-eventspy.jar"/>
    <property name="localRepository" value="C:\Users\usuario\.m2\repository"/>
    <property name="java.vendor.url.bug" value="https://bugreport.java.com/bugreport/"/>
    <property name="java.io.tmpdir" value="C:\Users\usuario\AppData\Local\Temp\"/>
    <property name="java.version" value="17.0.4.1"/>
    <property name="user.dir" value="D:\Superior Multiplataformas\Entornos de desarrollo\Tema 14\Coche2"/>
    <property name="os.arch" value="amd64"/>
    <property name="java.vm.specification.name" value="Java Virtual Machine Specification"/>
    <property name="sun.os.patch.level" value=""/>
    <property name="native.encoding" value="Cp1252"/>
    <property name="java.library.path" value="C:\Program Files\Java\jdk-17.0.4.1\bin;C:\Windows\Sun\Java\bin;C:\Windows\system32;C:\Windows;C:\Program Files (x86)\VMware\VMware Workstation\bin\;C:\app\usuario\product\21c\dbhomeXE\bin;C:\Program Files\Eclipse Adoptium\jdk-17.0.4.101-hotspot\bin;C:\Program Files\Common Files\Oracle\Java\javapath;C:\Windows\system32;C:\Windows;C:\Windows\System32\Wbem;C:\Windows\System32\WindowsPowerShell\v1.0\;C:\Windows\System32\OpenSSH\;C:\Users\usuario\AppData\Local\Microsoft\WindowsApps;C:\Users\usuario\AppData\Local\Programs\Microsoft VS Code\bin;C:\Users\usuario\AppData\Local\GitHubDesktop\bin;."/>
    <property name="java.vm.info" value="mixed mode, sharing"/>
    <property name="java.vendor" value="Oracle Corporation"/>
    <property name="java.vm.version" value="17.0.4.1+1-LTS-2"/>
    <property name="sun.io.unicode.encoding" value="UnicodeLittle"/>
    <property name="java.class.version" value="61.0"/>
  </properties>
  <testcase name="testGetNumPalabras" classname="com.mycompany.coche2.TelegramaTest" time="0.002">
    <error message="Cannot invoke &quot;com.mycompany.coche2.Telegrama.getNumPalabras()&quot; because &quot;instance&quot; is null" type="java.lang.NullPointerException">java.lang.NullPointerException: Cannot invoke "com.mycompany.coche2.Telegrama.getNumPalabras()" because "instance" is null
	at com.mycompany.coche2.TelegramaTest.testGetNumPalabras(TelegramaTest.java:47)
</error>
    <system-out><![CDATA[getNumPalabras
]]></system-out>
  </testcase>
  <testcase name="testGetCosto" classname="com.mycompany.coche2.TelegramaTest" time="0.002">
    <error message="Cannot invoke &quot;com.mycompany.coche2.Telegrama.getCosto()&quot; because &quot;instance&quot; is null" type="java.lang.NullPointerException">java.lang.NullPointerException: Cannot invoke "com.mycompany.coche2.Telegrama.getCosto()" because "instance" is null
	at com.mycompany.coche2.TelegramaTest.testGetCosto(TelegramaTest.java:101)
</error>
    <system-out><![CDATA[getCosto
]]></system-out>
  </testcase>
  <testcase name="testToString" classname="com.mycompany.coche2.TelegramaTest" time="0.005">
    <error message="Cannot invoke &quot;com.mycompany.coche2.Telegrama.toString()&quot; because &quot;instance&quot; is null" type="java.lang.NullPointerException">java.lang.NullPointerException: Cannot invoke "com.mycompany.coche2.Telegrama.toString()" because "instance" is null
	at com.mycompany.coche2.TelegramaTest.testToString(TelegramaTest.java:127)
</error>
    <system-out><![CDATA[toString
]]></system-out>
  </testcase>
  <testcase name="testSetTipoTelegrama" classname="com.mycompany.coche2.TelegramaTest" time="0">
    <error message="Cannot invoke &quot;com.mycompany.coche2.Telegrama.setTipoTelegrama(String)&quot; because &quot;instance&quot; is null" type="java.lang.NullPointerException">java.lang.NullPointerException: Cannot invoke "com.mycompany.coche2.Telegrama.setTipoTelegrama(String)" because "instance" is null
	at com.mycompany.coche2.TelegramaTest.testSetTipoTelegrama(TelegramaTest.java:88)
</error>
    <system-out><![CDATA[setTipoTelegrama
]]></system-out>
  </testcase>
  <testcase name="testSetNumPalabras" classname="com.mycompany.coche2.TelegramaTest" time="0.002">
    <error message="Cannot invoke &quot;com.mycompany.coche2.Telegrama.setNumPalabras(int)&quot; because &quot;instance&quot; is null" type="java.lang.NullPointerException">java.lang.NullPointerException: Cannot invoke "com.mycompany.coche2.Telegrama.setNumPalabras(int)" because "instance" is null
	at com.mycompany.coche2.TelegramaTest.testSetNumPalabras(TelegramaTest.java:61)
</error>
    <system-out><![CDATA[setNumPalabras
]]></system-out>
  </testcase>
  <testcase name="testGetTipoTelegrama" classname="com.mycompany.coche2.TelegramaTest" time="0.006">
    <error message="Cannot invoke &quot;com.mycompany.coche2.Telegrama.getTipoTelegrama()&quot; because &quot;instance&quot; is null" type="java.lang.NullPointerException">java.lang.NullPointerException: Cannot invoke "com.mycompany.coche2.Telegrama.getTipoTelegrama()" because "instance" is null
	at com.mycompany.coche2.TelegramaTest.testGetTipoTelegrama(TelegramaTest.java:74)
</error>
    <system-out><![CDATA[getTipoTelegrama
]]></system-out>
  </testcase>
  <testcase name="testCalculaCosto" classname="com.mycompany.coche2.TelegramaTest" time="0.004">
    <error message="Cannot invoke &quot;com.mycompany.coche2.Telegrama.calculaCosto()&quot; because &quot;instance&quot; is null" type="java.lang.NullPointerException">java.lang.NullPointerException: Cannot invoke "com.mycompany.coche2.Telegrama.calculaCosto()" because "instance" is null
	at com.mycompany.coche2.TelegramaTest.testCalculaCosto(TelegramaTest.java:114)
</error>
    <system-out><![CDATA[calculaCosto
]]></system-out>
  </testcase>
</testsuite>